TN:
SF:src\1-BMI.js
FN:1,calculateBMI
FNF:1
FNH:1
FNDA:22,calculateBMI
DA:3,22
DA:4,6
DA:5,16
DA:6,6
DA:8,10
DA:13,1
LF:6
LH:6
BRDA:3,0,0,6
BRDA:3,0,1,16
BRDA:3,1,0,22
BRDA:3,1,1,22
BRDA:3,1,2,20
BRDA:5,2,0,6
BRDA:5,2,1,10
BRDA:5,3,0,16
BRDA:5,3,1,16
BRDA:5,3,2,14
BRF:10
BRH:10
end_of_record
TN:
SF:src\2-converter.js
FN:1,temperatureConverter
FNF:1
FNH:1
FNDA:15,temperatureConverter
DA:5,15
DA:7,5
DA:8,5
DA:9,10
DA:10,4
DA:11,4
DA:12,6
DA:13,4
DA:14,4
DA:16,2
DA:18,13
DA:20,1
DA:21,1
LF:13
LH:13
BRDA:5,0,0,5
BRDA:5,0,1,10
BRDA:9,1,0,4
BRDA:9,1,1,6
BRDA:12,2,0,4
BRDA:12,2,1,2
BRF:6
BRH:6
end_of_record
TN:
SF:src\3-sorting.js
FN:1,selectionSort
FNF:1
FNH:1
FNDA:18,selectionSort
DA:2,18
DA:4,18
DA:5,50
DA:6,50
DA:7,78
DA:8,13
DA:11,50
DA:12,7
DA:13,7
DA:14,7
DA:17,18
DA:20,1
LF:12
LH:12
BRDA:7,0,0,13
BRDA:7,0,1,65
BRDA:11,1,0,7
BRDA:11,1,1,43
BRF:4
BRH:4
end_of_record
