TN:
SF:src\1-BMI.js
FN:1,calculateBMI
FNF:1
FNH:1
FNDA:15,calculateBMI
DA:3,15
DA:4,2
DA:5,13
DA:6,2
DA:8,11
DA:11,1
DA:13,1
LF:7
LH:7
BRDA:3,0,0,2
BRDA:3,0,1,13
BRDA:3,1,0,15
BRDA:3,1,1,15
BRDA:3,1,2,13
BRDA:5,2,0,2
BRDA:5,2,1,11
BRDA:5,3,0,13
BRDA:5,3,1,13
BRDA:5,3,2,11
BRF:10
BRH:10
end_of_record
TN:
SF:src\2-converter.js
FN:1,temperatureConverter
FNF:1
FNH:1
FNDA:15,temperatureConverter
DA:5,15
DA:7,5
DA:8,5
DA:9,10
DA:10,4
DA:11,4
DA:12,6
DA:13,4
DA:14,4
DA:16,2
DA:18,13
DA:20,1
DA:21,1
LF:13
LH:13
BRDA:5,0,0,5
BRDA:5,0,1,10
BRDA:9,1,0,4
BRDA:9,1,1,6
BRDA:12,2,0,4
BRDA:12,2,1,2
BRF:6
BRH:6
end_of_record
TN:
SF:src\3-sorting.js
FN:1,selectionSort
FNF:1
FNH:1
FNDA:11,selectionSort
DA:2,11
DA:4,11
DA:5,26
DA:6,26
DA:7,32
DA:8,5
DA:11,26
DA:12,5
DA:13,5
DA:14,5
DA:17,11
DA:19,1
DA:20,1
LF:13
LH:13
BRDA:7,0,0,5
BRDA:7,0,1,27
BRDA:11,1,0,5
BRDA:11,1,1,21
BRF:4
BRH:4
end_of_record
